mode: set
s3tool/main.go:8.13,9.38 1 0
s3tool/main.go:9.38,11.3 1 0
s3tool/cmd/acl.go:26.54,30.17 4 0
s3tool/cmd/acl.go:30.17,32.4 1 0
s3tool/cmd/acl.go:34.3,37.17 2 0
s3tool/cmd/acl.go:37.17,39.4 1 0
s3tool/cmd/acl.go:41.3,43.39 3 0
s3tool/cmd/acl.go:43.39,46.4 2 0
s3tool/cmd/acl.go:47.3,47.13 1 0
s3tool/cmd/acl.go:56.54,60.17 4 0
s3tool/cmd/acl.go:60.17,62.4 1 0
s3tool/cmd/acl.go:64.3,68.17 2 0
s3tool/cmd/acl.go:68.17,70.4 1 0
s3tool/cmd/acl.go:72.3,73.13 2 0
s3tool/cmd/acl.go:82.54,86.17 4 0
s3tool/cmd/acl.go:86.17,88.4 1 0
s3tool/cmd/acl.go:90.3,94.17 2 0
s3tool/cmd/acl.go:94.17,96.4 1 0
s3tool/cmd/acl.go:98.3,100.39 3 0
s3tool/cmd/acl.go:100.39,103.4 2 0
s3tool/cmd/acl.go:104.3,104.13 1 0
s3tool/cmd/acl.go:113.54,117.17 4 0
s3tool/cmd/acl.go:117.17,119.4 1 0
s3tool/cmd/acl.go:121.3,126.17 2 0
s3tool/cmd/acl.go:126.17,128.4 1 0
s3tool/cmd/acl.go:130.3,131.13 2 0
s3tool/cmd/acl.go:135.13,137.2 1 1
s3tool/cmd/bucket.go:26.54,29.17 3 0
s3tool/cmd/bucket.go:29.17,31.4 1 0
s3tool/cmd/bucket.go:33.3,34.17 2 0
s3tool/cmd/bucket.go:34.17,36.4 1 0
s3tool/cmd/bucket.go:38.3,42.41 4 0
s3tool/cmd/bucket.go:42.41,47.4 1 0
s3tool/cmd/bucket.go:49.3,51.13 3 0
s3tool/cmd/bucket.go:60.54,64.17 4 0
s3tool/cmd/bucket.go:64.17,66.4 1 0
s3tool/cmd/bucket.go:68.3,72.82 2 0
s3tool/cmd/bucket.go:72.82,76.4 1 0
s3tool/cmd/bucket.go:78.3,79.17 2 0
s3tool/cmd/bucket.go:79.17,81.4 1 0
s3tool/cmd/bucket.go:83.3,84.13 2 0
s3tool/cmd/bucket.go:93.54,97.17 4 0
s3tool/cmd/bucket.go:97.17,99.4 1 0
s3tool/cmd/bucket.go:101.3,104.17 2 0
s3tool/cmd/bucket.go:104.17,106.4 1 0
s3tool/cmd/bucket.go:108.3,109.13 2 0
s3tool/cmd/bucket.go:118.54,122.17 4 0
s3tool/cmd/bucket.go:122.17,124.4 1 0
s3tool/cmd/bucket.go:126.3,133.47 5 0
s3tool/cmd/bucket.go:133.47,134.42 1 0
s3tool/cmd/bucket.go:134.42,136.5 1 0
s3tool/cmd/bucket.go:139.3,141.13 3 0
s3tool/cmd/bucket.go:150.54,154.17 4 0
s3tool/cmd/bucket.go:154.17,156.4 1 0
s3tool/cmd/bucket.go:158.3,161.17 2 0
s3tool/cmd/bucket.go:161.17,163.4 1 0
s3tool/cmd/bucket.go:165.3,166.21 2 0
s3tool/cmd/bucket.go:166.21,168.4 1 0
s3tool/cmd/bucket.go:169.3,170.13 2 0
s3tool/cmd/bucket.go:179.54,183.17 4 0
s3tool/cmd/bucket.go:183.17,185.4 1 0
s3tool/cmd/bucket.go:187.3,188.7 2 0
s3tool/cmd/bucket.go:188.7,192.18 2 0
s3tool/cmd/bucket.go:192.18,194.5 1 0
s3tool/cmd/bucket.go:196.4,196.37 1 0
s3tool/cmd/bucket.go:196.37,197.10 1 0
s3tool/cmd/bucket.go:200.4,201.44 2 0
s3tool/cmd/bucket.go:201.44,203.5 1 0
s3tool/cmd/bucket.go:205.4,211.18 2 0
s3tool/cmd/bucket.go:211.18,213.5 1 0
s3tool/cmd/bucket.go:215.4,217.65 2 0
s3tool/cmd/bucket.go:217.65,218.10 1 0
s3tool/cmd/bucket.go:222.3,223.13 2 0
s3tool/cmd/bucket.go:227.13,234.2 6 1
s3tool/cmd/cors.go:25.54,29.17 4 0
s3tool/cmd/cors.go:29.17,31.4 1 0
s3tool/cmd/cors.go:33.3,36.17 2 0
s3tool/cmd/cors.go:36.17,38.4 1 0
s3tool/cmd/cors.go:40.3,40.60 1 0
s3tool/cmd/cors.go:40.60,43.4 2 0
s3tool/cmd/cors.go:45.3,45.41 1 0
s3tool/cmd/cors.go:45.41,51.33 6 0
s3tool/cmd/cors.go:51.33,53.5 1 0
s3tool/cmd/cors.go:54.4,54.17 1 0
s3tool/cmd/cors.go:56.3,56.13 1 0
s3tool/cmd/cors.go:65.54,69.17 4 0
s3tool/cmd/cors.go:69.17,71.4 1 0
s3tool/cmd/cors.go:73.3,76.17 2 0
s3tool/cmd/cors.go:76.17,78.4 1 0
s3tool/cmd/cors.go:80.3,81.13 2 0
s3tool/cmd/cors.go:85.13,87.2 1 1
s3tool/cmd/encryption.go:26.54,30.17 4 0
s3tool/cmd/encryption.go:30.17,32.4 1 0
s3tool/cmd/encryption.go:34.3,37.17 2 0
s3tool/cmd/encryption.go:37.17,39.4 1 0
s3tool/cmd/encryption.go:41.3,41.114 1 0
s3tool/cmd/encryption.go:41.114,44.4 2 0
s3tool/cmd/encryption.go:46.3,46.71 1 0
s3tool/cmd/encryption.go:46.71,48.70 2 0
s3tool/cmd/encryption.go:48.70,50.36 2 0
s3tool/cmd/encryption.go:50.36,52.6 1 0
s3tool/cmd/encryption.go:55.3,55.13 1 0
s3tool/cmd/encryption.go:64.54,68.17 4 0
s3tool/cmd/encryption.go:68.17,70.4 1 0
s3tool/cmd/encryption.go:72.3,84.17 2 0
s3tool/cmd/encryption.go:84.17,86.4 1 0
s3tool/cmd/encryption.go:88.3,89.13 2 0
s3tool/cmd/encryption.go:98.54,102.17 4 0
s3tool/cmd/encryption.go:102.17,104.4 1 0
s3tool/cmd/encryption.go:106.3,109.17 2 0
s3tool/cmd/encryption.go:109.17,111.4 1 0
s3tool/cmd/encryption.go:113.3,114.13 2 0
s3tool/cmd/encryption.go:118.13,120.2 1 1
s3tool/cmd/init.go:14.54,16.17 2 0
s3tool/cmd/init.go:16.17,18.4 1 0
s3tool/cmd/init.go:20.3,21.48 2 0
s3tool/cmd/init.go:21.48,24.4 2 0
s3tool/cmd/init.go:26.3,44.79 2 0
s3tool/cmd/init.go:44.79,46.4 1 0
s3tool/cmd/init.go:48.3,50.13 3 0
s3tool/cmd/lifecycle.go:26.54,30.17 4 0
s3tool/cmd/lifecycle.go:30.17,32.4 1 0
s3tool/cmd/lifecycle.go:34.3,37.17 2 0
s3tool/cmd/lifecycle.go:37.17,39.4 1 0
s3tool/cmd/lifecycle.go:41.3,41.52 1 0
s3tool/cmd/lifecycle.go:41.52,44.4 2 0
s3tool/cmd/lifecycle.go:46.3,50.37 4 0
s3tool/cmd/lifecycle.go:50.37,55.61 4 0
s3tool/cmd/lifecycle.go:55.61,57.5 1 0
s3tool/cmd/lifecycle.go:59.4,59.33 1 0
s3tool/cmd/lifecycle.go:59.33,62.5 2 0
s3tool/cmd/lifecycle.go:64.4,71.6 1 0
s3tool/cmd/lifecycle.go:74.3,75.13 2 0
s3tool/cmd/lifecycle.go:84.54,88.17 4 0
s3tool/cmd/lifecycle.go:88.17,90.4 1 0
s3tool/cmd/lifecycle.go:92.3,95.17 2 0
s3tool/cmd/lifecycle.go:95.17,97.4 1 0
s3tool/cmd/lifecycle.go:99.3,100.13 2 0
s3tool/cmd/lifecycle.go:104.13,106.2 1 1
s3tool/cmd/logging.go:26.54,30.17 4 0
s3tool/cmd/logging.go:30.17,32.4 1 0
s3tool/cmd/logging.go:34.3,37.17 2 0
s3tool/cmd/logging.go:37.17,39.4 1 0
s3tool/cmd/logging.go:41.3,41.35 1 0
s3tool/cmd/logging.go:41.35,44.4 2 0
s3tool/cmd/logging.go:46.3,48.13 3 0
s3tool/cmd/logging.go:57.54,61.17 4 0
s3tool/cmd/logging.go:61.17,63.4 1 0
s3tool/cmd/logging.go:65.3,71.17 2 0
s3tool/cmd/logging.go:71.17,73.4 1 0
s3tool/cmd/logging.go:75.3,76.13 2 0
s3tool/cmd/logging.go:80.13,82.2 1 1
s3tool/cmd/multipart.go:29.54,33.17 4 0
s3tool/cmd/multipart.go:33.17,35.4 1 0
s3tool/cmd/multipart.go:37.3,41.17 2 0
s3tool/cmd/multipart.go:41.17,43.4 1 0
s3tool/cmd/multipart.go:45.3,47.13 3 0
s3tool/cmd/multipart.go:56.54,59.17 3 0
s3tool/cmd/multipart.go:59.17,61.4 1 0
s3tool/cmd/multipart.go:63.3,65.17 3 0
s3tool/cmd/multipart.go:65.17,67.4 1 0
s3tool/cmd/multipart.go:69.3,70.17 2 0
s3tool/cmd/multipart.go:70.17,72.4 1 0
s3tool/cmd/multipart.go:73.3,79.41 5 0
s3tool/cmd/multipart.go:79.41,81.4 1 0
s3tool/cmd/multipart.go:83.3,90.17 2 0
s3tool/cmd/multipart.go:90.17,92.4 1 0
s3tool/cmd/multipart.go:94.3,96.13 3 0
s3tool/cmd/multipart.go:105.54,109.17 4 0
s3tool/cmd/multipart.go:109.17,111.4 1 0
s3tool/cmd/multipart.go:113.3,118.17 2 0
s3tool/cmd/multipart.go:118.17,120.4 1 0
s3tool/cmd/multipart.go:122.3,126.35 4 0
s3tool/cmd/multipart.go:126.35,132.4 1 0
s3tool/cmd/multipart.go:134.3,135.13 2 0
s3tool/cmd/multipart.go:144.54,148.17 4 0
s3tool/cmd/multipart.go:148.17,150.4 1 0
s3tool/cmd/multipart.go:152.3,157.17 2 0
s3tool/cmd/multipart.go:157.17,159.4 1 0
s3tool/cmd/multipart.go:161.3,162.39 2 0
s3tool/cmd/multipart.go:162.39,167.4 1 0
s3tool/cmd/multipart.go:169.3,177.17 2 0
s3tool/cmd/multipart.go:177.17,179.4 1 0
s3tool/cmd/multipart.go:181.3,182.13 2 0
s3tool/cmd/multipart.go:191.54,195.17 4 0
s3tool/cmd/multipart.go:195.17,197.4 1 0
s3tool/cmd/multipart.go:199.3,204.17 2 0
s3tool/cmd/multipart.go:204.17,206.4 1 0
s3tool/cmd/multipart.go:208.3,209.13 2 0
s3tool/cmd/multipart.go:213.13,216.2 2 1
s3tool/cmd/notification.go:25.54,29.17 4 0
s3tool/cmd/notification.go:29.17,31.4 1 0
s3tool/cmd/notification.go:33.3,36.17 2 0
s3tool/cmd/notification.go:36.17,38.4 1 0
s3tool/cmd/notification.go:40.3,42.42 2 0
s3tool/cmd/notification.go:42.42,45.54 3 0
s3tool/cmd/notification.go:45.54,49.5 3 0
s3tool/cmd/notification.go:52.3,52.42 1 0
s3tool/cmd/notification.go:52.42,55.54 3 0
s3tool/cmd/notification.go:55.54,59.5 3 0
s3tool/cmd/notification.go:62.3,62.51 1 0
s3tool/cmd/notification.go:62.51,65.63 3 0
s3tool/cmd/notification.go:65.63,69.5 3 0
s3tool/cmd/notification.go:72.3,72.17 1 0
s3tool/cmd/notification.go:72.17,74.4 1 0
s3tool/cmd/notification.go:75.3,75.13 1 0
s3tool/cmd/notification.go:79.13,81.2 1 1
s3tool/cmd/object.go:30.54,34.17 4 0
s3tool/cmd/object.go:34.17,36.4 1 0
s3tool/cmd/object.go:38.3,48.7 9 0
s3tool/cmd/object.go:48.7,55.18 2 0
s3tool/cmd/object.go:55.18,57.5 1 0
s3tool/cmd/object.go:59.4,59.38 1 0
s3tool/cmd/object.go:59.38,61.66 2 0
s3tool/cmd/object.go:61.66,62.14 1 0
s3tool/cmd/object.go:65.5,71.12 2 0
s3tool/cmd/object.go:74.4,74.53 1 0
s3tool/cmd/object.go:74.53,75.10 1 0
s3tool/cmd/object.go:77.4,77.50 1 0
s3tool/cmd/object.go:80.3,82.13 3 0
s3tool/cmd/object.go:91.54,95.17 4 0
s3tool/cmd/object.go:95.17,97.4 1 0
s3tool/cmd/object.go:99.3,100.17 2 0
s3tool/cmd/object.go:100.17,102.4 1 0
s3tool/cmd/object.go:103.3,115.25 5 0
s3tool/cmd/object.go:115.25,117.4 1 0
s3tool/cmd/object.go:119.3,120.17 2 0
s3tool/cmd/object.go:120.17,122.4 1 0
s3tool/cmd/object.go:124.3,125.13 2 0
s3tool/cmd/object.go:134.54,138.17 4 0
s3tool/cmd/object.go:138.17,140.4 1 0
s3tool/cmd/object.go:142.3,146.17 2 0
s3tool/cmd/object.go:146.17,148.4 1 0
s3tool/cmd/object.go:149.3,152.17 3 0
s3tool/cmd/object.go:152.17,154.4 1 0
s3tool/cmd/object.go:155.3,158.17 3 0
s3tool/cmd/object.go:158.17,160.4 1 0
s3tool/cmd/object.go:162.3,163.13 2 0
s3tool/cmd/object.go:172.54,176.17 4 0
s3tool/cmd/object.go:176.17,178.4 1 0
s3tool/cmd/object.go:180.3,184.17 2 0
s3tool/cmd/object.go:184.17,186.4 1 0
s3tool/cmd/object.go:188.3,189.13 2 0
s3tool/cmd/object.go:198.54,202.17 4 0
s3tool/cmd/object.go:202.17,204.4 1 0
s3tool/cmd/object.go:206.3,212.17 3 0
s3tool/cmd/object.go:212.17,214.4 1 0
s3tool/cmd/object.go:216.3,217.13 2 0
s3tool/cmd/object.go:226.54,230.17 4 0
s3tool/cmd/object.go:230.17,232.4 1 0
s3tool/cmd/object.go:234.3,238.17 2 0
s3tool/cmd/object.go:238.17,240.4 1 0
s3tool/cmd/object.go:242.3,250.32 9 0
s3tool/cmd/object.go:250.32,252.4 1 0
s3tool/cmd/object.go:254.3,255.13 2 0
s3tool/cmd/object.go:264.54,269.17 4 0
s3tool/cmd/object.go:269.17,271.4 1 0
s3tool/cmd/object.go:273.3,278.17 3 0
s3tool/cmd/object.go:278.17,280.4 1 0
s3tool/cmd/object.go:282.3,283.13 2 0
s3tool/cmd/object.go:292.54,296.17 4 0
s3tool/cmd/object.go:296.17,298.4 1 0
s3tool/cmd/object.go:300.3,306.17 3 0
s3tool/cmd/object.go:306.17,308.4 1 0
s3tool/cmd/object.go:310.3,314.17 2 0
s3tool/cmd/object.go:314.17,316.4 1 0
s3tool/cmd/object.go:318.3,319.13 2 0
s3tool/cmd/object.go:323.38,325.18 2 1
s3tool/cmd/object.go:325.18,327.3 1 1
s3tool/cmd/object.go:328.2,329.46 2 1
s3tool/cmd/object.go:329.46,332.3 2 1
s3tool/cmd/object.go:333.2,333.76 1 1
s3tool/cmd/object.go:336.13,345.2 6 1
s3tool/cmd/policy.go:26.54,30.17 4 0
s3tool/cmd/policy.go:30.17,32.4 1 0
s3tool/cmd/policy.go:34.3,37.17 2 0
s3tool/cmd/policy.go:37.17,39.4 1 0
s3tool/cmd/policy.go:41.3,41.27 1 0
s3tool/cmd/policy.go:41.27,43.4 1 0
s3tool/cmd/policy.go:43.9,45.4 1 0
s3tool/cmd/policy.go:46.3,46.13 1 0
s3tool/cmd/policy.go:55.54,59.17 4 0
s3tool/cmd/policy.go:59.17,61.4 1 0
s3tool/cmd/policy.go:63.3,64.17 2 0
s3tool/cmd/policy.go:64.17,66.4 1 0
s3tool/cmd/policy.go:68.3,72.17 2 0
s3tool/cmd/policy.go:72.17,74.4 1 0
s3tool/cmd/policy.go:76.3,77.13 2 0
s3tool/cmd/policy.go:86.54,90.17 4 0
s3tool/cmd/policy.go:90.17,92.4 1 0
s3tool/cmd/policy.go:94.3,97.17 2 0
s3tool/cmd/policy.go:97.17,99.4 1 0
s3tool/cmd/policy.go:101.3,102.13 2 0
s3tool/cmd/policy.go:106.13,108.2 1 1
s3tool/cmd/presign.go:26.54,31.17 4 0
s3tool/cmd/presign.go:31.17,33.4 1 0
s3tool/cmd/presign.go:35.3,36.19 2 0
s3tool/cmd/presign.go:36.19,38.4 1 0
s3tool/cmd/presign.go:40.3,44.36 2 0
s3tool/cmd/presign.go:44.36,46.4 1 0
s3tool/cmd/presign.go:47.3,47.17 1 0
s3tool/cmd/presign.go:47.17,49.4 1 0
s3tool/cmd/presign.go:51.3,52.13 2 0
s3tool/cmd/presign.go:61.54,66.17 4 0
s3tool/cmd/presign.go:66.17,68.4 1 0
s3tool/cmd/presign.go:70.3,71.19 2 0
s3tool/cmd/presign.go:71.19,73.4 1 0
s3tool/cmd/presign.go:75.3,79.36 2 0
s3tool/cmd/presign.go:79.36,81.4 1 0
s3tool/cmd/presign.go:82.3,82.17 1 0
s3tool/cmd/presign.go:82.17,84.4 1 0
s3tool/cmd/presign.go:86.3,87.13 2 0
s3tool/cmd/presign.go:96.54,101.17 4 0
s3tool/cmd/presign.go:101.17,103.4 1 0
s3tool/cmd/presign.go:105.3,106.19 2 0
s3tool/cmd/presign.go:106.19,108.4 1 0
s3tool/cmd/presign.go:110.3,114.36 2 0
s3tool/cmd/presign.go:114.36,116.4 1 0
s3tool/cmd/presign.go:117.3,117.17 1 0
s3tool/cmd/presign.go:117.17,119.4 1 0
s3tool/cmd/presign.go:121.3,122.13 2 0
s3tool/cmd/presign.go:126.13,131.2 4 1
s3tool/cmd/replication.go:25.54,29.17 4 0
s3tool/cmd/replication.go:29.17,31.4 1 0
s3tool/cmd/replication.go:33.3,36.17 2 0
s3tool/cmd/replication.go:36.17,38.4 1 0
s3tool/cmd/replication.go:40.3,40.96 1 0
s3tool/cmd/replication.go:40.96,43.4 2 0
s3tool/cmd/replication.go:45.3,46.62 2 0
s3tool/cmd/replication.go:46.62,50.26 4 0
s3tool/cmd/replication.go:50.26,52.5 1 0
s3tool/cmd/replication.go:53.4,53.45 1 0
s3tool/cmd/replication.go:53.45,55.5 1 0
s3tool/cmd/replication.go:57.3,57.13 1 0
s3tool/cmd/replication.go:66.54,70.17 4 0
s3tool/cmd/replication.go:70.17,72.4 1 0
s3tool/cmd/replication.go:74.3,77.17 2 0
s3tool/cmd/replication.go:77.17,79.4 1 0
s3tool/cmd/replication.go:81.3,82.13 2 0
s3tool/cmd/replication.go:86.13,88.2 1 1
s3tool/cmd/root.go:23.67,24.23 1 0
s3tool/cmd/root.go:24.23,26.18 2 0
s3tool/cmd/root.go:26.18,28.5 1 0
s3tool/cmd/root.go:29.4,29.42 1 0
s3tool/cmd/root.go:32.3,32.55 1 0
s3tool/cmd/root.go:32.55,34.4 1 0
s3tool/cmd/root.go:36.3,38.17 3 0
s3tool/cmd/root.go:38.17,40.4 1 0
s3tool/cmd/root.go:42.3,42.13 1 0
s3tool/cmd/root.go:46.22,48.2 1 0
s3tool/cmd/root.go:50.13,70.2 18 1
s3tool/cmd/tags.go:27.54,31.17 4 0
s3tool/cmd/tags.go:31.17,33.4 1 0
s3tool/cmd/tags.go:35.3,38.17 2 0
s3tool/cmd/tags.go:38.17,40.4 1 0
s3tool/cmd/tags.go:42.3,42.30 1 0
s3tool/cmd/tags.go:42.30,45.4 2 0
s3tool/cmd/tags.go:47.3,51.37 4 0
s3tool/cmd/tags.go:51.37,53.4 1 0
s3tool/cmd/tags.go:55.3,56.13 2 0
s3tool/cmd/tags.go:65.54,70.34 4 0
s3tool/cmd/tags.go:70.34,72.23 2 0
s3tool/cmd/tags.go:72.23,77.5 1 0
s3tool/cmd/tags.go:80.3,80.21 1 0
s3tool/cmd/tags.go:80.21,82.4 1 0
s3tool/cmd/tags.go:84.3,86.17 3 0
s3tool/cmd/tags.go:86.17,88.4 1 0
s3tool/cmd/tags.go:90.3,96.17 2 0
s3tool/cmd/tags.go:96.17,98.4 1 0
s3tool/cmd/tags.go:100.3,101.13 2 0
s3tool/cmd/tags.go:110.54,114.17 4 0
s3tool/cmd/tags.go:114.17,116.4 1 0
s3tool/cmd/tags.go:118.3,121.17 2 0
s3tool/cmd/tags.go:121.17,123.4 1 0
s3tool/cmd/tags.go:125.3,126.13 2 0
s3tool/cmd/tags.go:135.54,139.17 4 0
s3tool/cmd/tags.go:139.17,141.4 1 0
s3tool/cmd/tags.go:143.3,147.17 2 0
s3tool/cmd/tags.go:147.17,149.4 1 0
s3tool/cmd/tags.go:151.3,151.30 1 0
s3tool/cmd/tags.go:151.30,154.4 2 0
s3tool/cmd/tags.go:156.3,160.37 4 0
s3tool/cmd/tags.go:160.37,162.4 1 0
s3tool/cmd/tags.go:164.3,165.13 2 0
s3tool/cmd/tags.go:169.36,170.32 1 0
s3tool/cmd/tags.go:170.32,171.20 1 0
s3tool/cmd/tags.go:171.20,173.4 1 0
s3tool/cmd/tags.go:175.2,175.12 1 0
s3tool/cmd/tags.go:178.13,180.2 1 1
s3tool/cmd/versioning.go:26.54,30.17 4 0
s3tool/cmd/versioning.go:30.17,32.4 1 0
s3tool/cmd/versioning.go:34.3,37.17 2 0
s3tool/cmd/versioning.go:37.17,39.4 1 0
s3tool/cmd/versioning.go:41.3,47.13 6 0
s3tool/cmd/versioning.go:56.54,60.17 4 0
s3tool/cmd/versioning.go:60.17,62.4 1 0
s3tool/cmd/versioning.go:64.3,70.17 2 0
s3tool/cmd/versioning.go:70.17,72.4 1 0
s3tool/cmd/versioning.go:74.3,75.13 2 0
s3tool/cmd/versioning.go:84.54,88.17 4 0
s3tool/cmd/versioning.go:88.17,90.4 1 0
s3tool/cmd/versioning.go:92.3,98.17 2 0
s3tool/cmd/versioning.go:98.17,100.4 1 0
s3tool/cmd/versioning.go:102.3,103.13 2 0
s3tool/cmd/versioning.go:107.13,109.2 1 1
s3tool/cmd/website.go:26.54,30.17 4 0
s3tool/cmd/website.go:30.17,32.4 1 0
s3tool/cmd/website.go:34.3,37.17 2 0
s3tool/cmd/website.go:37.17,39.4 1 0
s3tool/cmd/website.go:41.3,41.34 1 0
s3tool/cmd/website.go:41.34,43.4 1 0
s3tool/cmd/website.go:44.3,44.34 1 0
s3tool/cmd/website.go:44.34,46.4 1 0
s3tool/cmd/website.go:47.3,47.13 1 0
s3tool/cmd/website.go:56.54,60.20 4 0
s3tool/cmd/website.go:60.20,62.4 1 0
s3tool/cmd/website.go:64.3,66.17 3 0
s3tool/cmd/website.go:66.17,68.4 1 0
s3tool/cmd/website.go:70.3,79.21 2 0
s3tool/cmd/website.go:79.21,83.4 1 0
s3tool/cmd/website.go:85.3,86.17 2 0
s3tool/cmd/website.go:86.17,88.4 1 0
s3tool/cmd/website.go:90.3,91.13 2 0
s3tool/cmd/website.go:100.54,104.17 4 0
s3tool/cmd/website.go:104.17,106.4 1 0
s3tool/cmd/website.go:108.3,111.17 2 0
s3tool/cmd/website.go:111.17,113.4 1 0
s3tool/cmd/website.go:115.3,116.13 2 0
s3tool/cmd/website.go:120.13,122.2 1 1
s3tool/config/config.go:27.42,41.22 11 1
s3tool/config/config.go:41.22,43.3 1 0
s3tool/config/config.go:44.2,44.21 1 1
s3tool/config/config.go:44.21,46.3 1 1
s3tool/config/config.go:47.2,47.24 1 1
s3tool/config/config.go:47.24,49.3 1 1
s3tool/config/config.go:50.2,50.24 1 1
s3tool/config/config.go:50.24,52.3 1 1
s3tool/config/config.go:53.2,53.23 1 1
s3tool/config/config.go:53.23,55.3 1 1
s3tool/config/config.go:57.2,57.45 1 1
s3tool/config/config.go:57.45,58.56 1 1
s3tool/config/config.go:58.56,60.4 1 1
s3tool/config/config.go:63.2,63.55 1 1
s3tool/config/config.go:63.55,65.3 1 0
s3tool/config/config.go:67.2,67.12 1 1
s3tool/config/config.go:70.60,75.32 3 1
s3tool/config/config.go:75.32,77.3 1 0
s3tool/config/config.go:79.2,79.66 1 1
s3tool/config/config.go:79.66,87.3 1 1
s3tool/config/config.go:89.2,90.16 2 1
s3tool/config/config.go:90.16,92.3 1 0
s3tool/config/config.go:94.2,94.23 1 1
s3tool/config/config.go:97.59,99.16 2 1
s3tool/config/config.go:99.16,101.3 1 0
s3tool/config/config.go:103.2,105.33 2 1
s3tool/config/config.go:105.33,106.43 1 1
s3tool/config/config.go:106.43,109.4 2 1
s3tool/config/config.go:112.2,112.33 1 1
s3tool/config/config.go:112.33,113.43 1 1
s3tool/config/config.go:113.43,115.4 1 1
s3tool/config/config.go:118.2,118.32 1 1
s3tool/config/config.go:118.32,119.43 1 0
s3tool/config/config.go:119.43,121.4 1 0
s3tool/config/config.go:124.2,125.20 2 1
s3tool/config/config.go:128.84,130.16 2 1
s3tool/config/config.go:130.16,132.3 1 0
s3tool/config/config.go:134.2,134.20 1 1
